 ✓ Compiled /_not-found in 1487ms (2017 modules)
Supabase config: { url: '✓ Set', key: '✓ Set' }
 GET / 404 in 1882ms
 GET /_next/static/css/app/layout.css?v=1757950070717 404 in 72ms
 GET /_next/static/chunks/main-app.js?v=1757950070717 404 in 186ms
 GET /_next/static/chunks/app/layout.js 404 in 184ms
 GET /_next/static/chunks/app-pages-internals.js 404 in 183ms
Home component render - loading: true user: null
 GET / 200 in 272ms
 GET /_next/static/css/app/page.css?v=1757950087041 404 in 196ms
 GET /_next/static/css/app/layout.css?v=1757950087041 404 in 204ms
 GET /_next/static/chunks/main-app.js?v=1757950087041 404 in 183ms
 GET /_next/static/chunks/app/layout.js 404 in 182ms
 GET /_next/static/chunks/app-pages-internals.js 404 in 182ms
 GET /_next/static/chunks/app/page.js 404 in 175ms
Home component render - loading: true user: null
 GET / 200 in 52ms
 GET /_next/static/css/app/page.css?v=1757950091841 404 in 112ms
 GET /_next/static/css/app/layout.css?v=1757950091841 404 in 116ms
 GET /_next/static/chunks/main-app.js?v=1757950091841 404 in 194ms
 GET /_next/static/chunks/app-pages-internals.js 404 in 188ms
 GET /_next/static/chunks/app/layout.js 404 in 192ms
 GET /_next/static/chunks/app/page.js 404 in 64ms